<?xml version="1.0" encoding="UTF-8"?>
<testsuite xmlns:xsi="http://www.w3.org/2001/XMLSchema-instance" xsi:schemaLocation="https://maven.apache.org/surefire/maven-surefire-plugin/xsd/surefire-test-report.xsd" name="TestSuite" time="182.861" tests="4" errors="0" skipped="0" failures="3">
  <properties>
    <property name="PROCESSOR_ARCHITECTURE" value="x86"/>
    <property name="file.encoding.pkg" value="sun.io"/>
    <property name="ProgramData" value="C:\ProgramData"/>
    <property name="java.home" value="C:\Program Files\Java\jdk1.8.0_111\jre"/>
    <property name="MQ_JAVA_DATA_PATH" value="C:\Program Files (x86)\IBM\WebSphere MQ"/>
    <property name="NODE_NAME" value="master"/>
    <property name="JENKINS_URL" value="http://localhost:8080/"/>
    <property name="ALLUSERSPROFILE" value="C:\ProgramData"/>
    <property name="java.endorsed.dirs" value="C:\Program Files\Java\jdk1.8.0_111\jre\lib\endorsed"/>
    <property name="PSModulePath" value="C:\windows\system32\WindowsPowerShell\v1.0\Modules\;C:\Program Files\Citrix\Telemetry Service\"/>
    <property name="USERDOMAIN" value="WHQ_NT_DOMAIN"/>
    <property name="sun.os.patch.level" value="Service Pack 1"/>
    <property name="java.vendor.url" value="http://java.oracle.com/"/>
    <property name="CommonProgramFiles(x86)" value="C:\Program Files (x86)\Common Files"/>
    <property name="java.version" value="1.8.0_111"/>
    <property name="JOB_NAME" value="BridgeMedical/com.BridgeMedical:BridgeMedicalFramework"/>
    <property name="COMPUTERNAME" value="WIN7DX64-03129"/>
    <property name="windows_tracing_logfile" value="C:\BVTBin\Tests\installpackage\csilogfile.log"/>
    <property name="java.vendor.url.bug" value="http://bugreport.sun.com/bugreport/"/>
    <property name="PUBLIC" value="C:\Users\Public"/>
    <property name="user.name" value="WIN7DX64-03129$"/>
    <property name="sun.io.unicode.encoding" value="UnicodeLittle"/>
    <property name="MQ_JAVA_INSTALL_PATH" value="C:\Program Files (x86)\IBM\WebSphere MQ\Java"/>
    <property name="sun.jnu.encoding" value="Cp1252"/>
    <property name="java.runtime.name" value="Java(TM) SE Runtime Environment"/>
    <property name="windir" value="C:\windows"/>
    <property name="PROCESSOR_IDENTIFIER" value="Intel64 Family 6 Model 45 Stepping 2, GenuineIntel"/>
    <property name="surefire.test.class.path" value="C:\Temp\Automation\BridgeMedicalFramework\target\test-classes;C:\Temp\Automation\BridgeMedicalFramework\target\classes;C:\windows\system32\config\systemprofile\.m2\repository\org\testng\testng\6.9.10\testng-6.9.10.jar;C:\windows\system32\config\systemprofile\.m2\repository\com\beust\jcommander\1.48\jcommander-1.48.jar;C:\windows\system32\config\systemprofile\.m2\repository\org\beanshell\bsh\2.0b4\bsh-2.0b4.jar;C:\windows\system32\config\systemprofile\.m2\repository\commons-io\commons-io\2.5\commons-io-2.5.jar;C:\windows\system32\config\systemprofile\.m2\repository\com\pojosontheweb\monte-repack\1.0\monte-repack-1.0.jar;C:\windows\system32\config\systemprofile\.m2\repository\javax\media\jai\com.springsource.javax.media.jai.core\1.1.3\com.springsource.javax.media.jai.core-1.1.3.jar;C:\windows\system32\config\systemprofile\.m2\repository\javax\media\jai\com.springsource.javax.media.jai.codec\1.1.3\com.springsource.javax.media.jai.codec-1.1.3.jar;C:\windows\system32\config\systemprofile\.m2\repository\javax\media\jmf\2.1.1e\jmf-2.1.1e.jar;C:\windows\system32\config\systemprofile\.m2\repository\org\seleniumhq\selenium\selenium-api\3.0.1\selenium-api-3.0.1.jar;C:\windows\system32\config\systemprofile\.m2\repository\org\seleniumhq\selenium\selenium-chrome-driver\3.0.1\selenium-chrome-driver-3.0.1.jar;C:\windows\system32\config\systemprofile\.m2\repository\org\seleniumhq\selenium\selenium-ie-driver\3.0.1\selenium-ie-driver-3.0.1.jar;C:\windows\system32\config\systemprofile\.m2\repository\org\seleniumhq\selenium\selenium-opera-driver\3.0.1\selenium-opera-driver-3.0.1.jar;C:\windows\system32\config\systemprofile\.m2\repository\org\seleniumhq\selenium\selenium-remote-driver\3.0.1\selenium-remote-driver-3.0.1.jar;C:\windows\system32\config\systemprofile\.m2\repository\cglib\cglib-nodep\3.2.4\cglib-nodep-3.2.4.jar;C:\windows\system32\config\systemprofile\.m2\repository\org\apache\commons\commons-exec\1.3\commons-exec-1.3.jar;C:\windows\system32\config\systemprofile\.m2\repository\com\google\code\gson\gson\2.3.1\gson-2.3.1.jar;C:\windows\system32\config\systemprofile\.m2\repository\com\google\guava\guava\19.0\guava-19.0.jar;C:\windows\system32\config\systemprofile\.m2\repository\org\apache\httpcomponents\httpmime\4.5.2\httpmime-4.5.2.jar;C:\windows\system32\config\systemprofile\.m2\repository\org\apache\httpcomponents\httpclient\4.5.2\httpclient-4.5.2.jar;C:\windows\system32\config\systemprofile\.m2\repository\org\apache\httpcomponents\httpcore\4.4.4\httpcore-4.4.4.jar;C:\windows\system32\config\systemprofile\.m2\repository\commons-logging\commons-logging\1.2\commons-logging-1.2.jar;C:\windows\system32\config\systemprofile\.m2\repository\commons-codec\commons-codec\1.9\commons-codec-1.9.jar;C:\windows\system32\config\systemprofile\.m2\repository\net\java\dev\jna\jna-platform\4.1.0\jna-platform-4.1.0.jar;C:\windows\system32\config\systemprofile\.m2\repository\net\java\dev\jna\jna\4.1.0\jna-4.1.0.jar;C:\windows\system32\config\systemprofile\.m2\repository\com\relevantcodes\extentreports\2.41.0\extentreports-2.41.0.jar;C:\windows\system32\config\systemprofile\.m2\repository\org\jsoup\jsoup\1.8.3\jsoup-1.8.3.jar;C:\windows\system32\config\systemprofile\.m2\repository\org\xerial\sqlite-jdbc\3.8.11.1\sqlite-jdbc-3.8.11.1.jar;C:\windows\system32\config\systemprofile\.m2\repository\org\freemarker\freemarker\2.3.23\freemarker-2.3.23.jar;C:\windows\system32\config\systemprofile\.m2\repository\org\mongodb\mongodb-driver\3.0.4\mongodb-driver-3.0.4.jar;C:\windows\system32\config\systemprofile\.m2\repository\org\mongodb\bson\3.0.4\bson-3.0.4.jar;C:\windows\system32\config\systemprofile\.m2\repository\org\mongodb\mongodb-driver-core\3.0.4\mongodb-driver-core-3.0.4.jar;C:\windows\system32\config\systemprofile\.m2\repository\org\apache\maven\plugins\maven-compiler-plugin\3.3\maven-compiler-plugin-3.3.jar;C:\windows\system32\config\systemprofile\.m2\repository\org\apache\maven\maven-plugin-api\2.2.1\maven-plugin-api-2.2.1.jar;C:\windows\system32\config\systemprofile\.m2\repository\org\apache\maven\maven-artifact\2.2.1\maven-artifact-2.2.1.jar;C:\windows\system32\config\systemprofile\.m2\repository\org\codehaus\plexus\plexus-utils\1.5.15\plexus-utils-1.5.15.jar;C:\windows\system32\config\systemprofile\.m2\repository\org\apache\maven\maven-core\2.2.1\maven-core-2.2.1.jar;C:\windows\system32\config\systemprofile\.m2\repository\org\apache\maven\maven-settings\2.2.1\maven-settings-2.2.1.jar;C:\windows\system32\config\systemprofile\.m2\repository\org\codehaus\plexus\plexus-interpolation\1.11\plexus-interpolation-1.11.jar;C:\windows\system32\config\systemprofile\.m2\repository\org\apache\maven\maven-plugin-parameter-documenter\2.2.1\maven-plugin-parameter-documenter-2.2.1.jar;C:\windows\system32\config\systemprofile\.m2\repository\org\apache\maven\wagon\wagon-http\1.0-beta-6\wagon-http-1.0-beta-6.jar;C:\windows\system32\config\systemprofile\.m2\repository\org\apache\maven\wagon\wagon-http-shared\1.0-beta-6\wagon-http-shared-1.0-beta-6.jar;C:\windows\system32\config\systemprofile\.m2\repository\nekohtml\xercesMinimal\1.9.6.2\xercesMinimal-1.9.6.2.jar;C:\windows\system32\config\systemprofile\.m2\repository\nekohtml\nekohtml\1.9.6.2\nekohtml-1.9.6.2.jar;C:\windows\system32\config\systemprofile\.m2\repository\commons-httpclient\commons-httpclient\3.1\commons-httpclient-3.1.jar;C:\windows\system32\config\systemprofile\.m2\repository\org\apache\maven\wagon\wagon-webdav-jackrabbit\1.0-beta-6\wagon-webdav-jackrabbit-1.0-beta-6.jar;C:\windows\system32\config\systemprofile\.m2\repository\org\apache\jackrabbit\jackrabbit-webdav\1.5.0\jackrabbit-webdav-1.5.0.jar;C:\windows\system32\config\systemprofile\.m2\repository\org\apache\jackrabbit\jackrabbit-jcr-commons\1.5.0\jackrabbit-jcr-commons-1.5.0.jar;C:\windows\system32\config\systemprofile\.m2\repository\org\slf4j\slf4j-nop\1.5.3\slf4j-nop-1.5.3.jar;C:\windows\system32\config\systemprofile\.m2\repository\org\slf4j\slf4j-jdk14\1.5.6\slf4j-jdk14-1.5.6.jar;C:\windows\system32\config\systemprofile\.m2\repository\org\slf4j\slf4j-api\1.5.6\slf4j-api-1.5.6.jar;C:\windows\system32\config\systemprofile\.m2\repository\org\slf4j\jcl-over-slf4j\1.5.6\jcl-over-slf4j-1.5.6.jar;C:\windows\system32\config\systemprofile\.m2\repository\org\apache\maven\maven-profile\2.2.1\maven-profile-2.2.1.jar;C:\windows\system32\config\systemprofile\.m2\repository\org\apache\maven\maven-model\2.2.1\maven-model-2.2.1.jar;C:\windows\system32\config\systemprofile\.m2\repository\org\apache\maven\wagon\wagon-provider-api\1.0-beta-6\wagon-provider-api-1.0-beta-6.jar;C:\windows\system32\config\systemprofile\.m2\repository\org\apache\maven\maven-repository-metadata\2.2.1\maven-repository-metadata-2.2.1.jar;C:\windows\system32\config\systemprofile\.m2\repository\org\apache\maven\maven-error-diagnostics\2.2.1\maven-error-diagnostics-2.2.1.jar;C:\windows\system32\config\systemprofile\.m2\repository\org\apache\maven\maven-project\2.2.1\maven-project-2.2.1.jar;C:\windows\system32\config\systemprofile\.m2\repository\org\apache\maven\maven-plugin-registry\2.2.1\maven-plugin-registry-2.2.1.jar;C:\windows\system32\config\systemprofile\.m2\repository\org\apache\maven\maven-plugin-descriptor\2.2.1\maven-plugin-descriptor-2.2.1.jar;C:\windows\system32\config\systemprofile\.m2\repository\org\apache\maven\maven-artifact-manager\2.2.1\maven-artifact-manager-2.2.1.jar;C:\windows\system32\config\systemprofile\.m2\repository\backport-util-concurrent\backport-util-concurrent\3.1\backport-util-concurrent-3.1.jar;C:\windows\system32\config\systemprofile\.m2\repository\org\apache\maven\maven-monitor\2.2.1\maven-monitor-2.2.1.jar;C:\windows\system32\config\systemprofile\.m2\repository\org\sonatype\plexus\plexus-sec-dispatcher\1.3\plexus-sec-dispatcher-1.3.jar;C:\windows\system32\config\systemprofile\.m2\repository\org\sonatype\plexus\plexus-cipher\1.4\plexus-cipher-1.4.jar;C:\windows\system32\config\systemprofile\.m2\repository\org\apache\maven\maven-toolchain\2.2.1\maven-toolchain-2.2.1.jar;C:\windows\system32\config\systemprofile\.m2\repository\org\apache\maven\shared\maven-shared-utils\0.7\maven-shared-utils-0.7.jar;C:\windows\system32\config\systemprofile\.m2\repository\com\google\code\findbugs\jsr305\2.0.1\jsr305-2.0.1.jar;C:\windows\system32\config\systemprofile\.m2\repository\org\apache\maven\shared\maven-shared-incremental\1.1\maven-shared-incremental-1.1.jar;C:\windows\system32\config\systemprofile\.m2\repository\org\codehaus\plexus\plexus-component-annotations\1.5.5\plexus-component-annotations-1.5.5.jar;C:\windows\system32\config\systemprofile\.m2\repository\org\codehaus\plexus\plexus-compiler-api\2.5\plexus-compiler-api-2.5.jar;C:\windows\system32\config\systemprofile\.m2\repository\org\codehaus\plexus\plexus-compiler-manager\2.5\plexus-compiler-manager-2.5.jar;C:\windows\system32\config\systemprofile\.m2\repository\org\codehaus\plexus\plexus-compiler-javac\2.5\plexus-compiler-javac-2.5.jar;C:\windows\system32\config\systemprofile\.m2\repository\org\codehaus\plexus\plexus-container-default\1.5.5\plexus-container-default-1.5.5.jar;C:\windows\system32\config\systemprofile\.m2\repository\org\codehaus\plexus\plexus-classworlds\2.2.2\plexus-classworlds-2.2.2.jar;C:\windows\system32\config\systemprofile\.m2\repository\org\apache\xbean\xbean-reflect\3.4\xbean-reflect-3.4.jar;C:\windows\system32\config\systemprofile\.m2\repository\log4j\log4j\1.2.12\log4j-1.2.12.jar;C:\windows\system32\config\systemprofile\.m2\repository\commons-logging\commons-logging-api\1.1\commons-logging-api-1.1.jar;C:\windows\system32\config\systemprofile\.m2\repository\com\google\collections\google-collections\1.0\google-collections-1.0.jar;C:\windows\system32\config\systemprofile\.m2\repository\org\seleniumhq\selenium\selenium-support\3.0.1\selenium-support-3.0.1.jar;C:\windows\system32\config\systemprofile\.m2\repository\junit\junit\4.12\junit-4.12.jar;C:\windows\system32\config\systemprofile\.m2\repository\org\hamcrest\hamcrest-core\1.3\hamcrest-core-1.3.jar;C:\windows\system32\config\systemprofile\.m2\repository\org\apache\maven\surefire\surefire-testng-utils\2.19.1\surefire-testng-utils-2.19.1.jar;C:\windows\system32\config\systemprofile\.m2\repository\org\apache\maven\surefire\surefire-grouper\2.19.1\surefire-grouper-2.19.1.jar;"/>
    <property name="java.specification.name" value="Java Platform API Specification"/>
    <property name="LOCALAPPDATA" value="C:\windows\system32\config\systemprofile\AppData\Local"/>
    <property name="RUN_CHANGES_DISPLAY_URL" value="http://localhost:8080/job/BridgeMedical/com.BridgeMedical$BridgeMedicalFramework/52/display/redirect?page=changes"/>
    <property name="user.timezone" value="Asia/Calcutta"/>
    <property name="PROCESSOR_ARCHITEW6432" value="AMD64"/>
    <property name="user.script" value=""/>
    <property name="path.separator" value=";"/>
    <property name="NUMBER_OF_PROCESSORS" value="2"/>
    <property name="BUILD_TAG" value="jenkins-BridgeMedical-com.BridgeMedical:BridgeMedicalFramework-52"/>
    <property name="SONIC_HOME" value="C:\Program Files (x86)\Progress\Sonic"/>
    <property name="windows_tracing_flags" value="3"/>
    <property name="file.encoding" value="Cp1252"/>
    <property name="lib" value="C:\Program Files (x86)\IBM\WebSphere MQ\tools\lib64"/>
    <property name="sun.java.command" value="jenkins.maven3.agent.Maven32Main C:\Program Files\apache-maven-3.2.5 C:\Program Files (x86)\Jenkins\war\WEB-INF\lib\remoting-3.4.1.jar C:\Program Files (x86)\Jenkins\plugins\maven-plugin\WEB-INF\lib\maven32-interceptor-1.8.1.jar C:\Program Files (x86)\Jenkins\plugins\maven-plugin\WEB-INF\lib\maven3-interceptor-commons-1.8.1.jar 50234"/>
    <property name="HUDSON_URL" value="http://localhost:8080/"/>
    <property name="JENKINS_SERVER_COOKIE" value="7d0e7d61c851303a"/>
    <property name="EXECUTOR_NUMBER" value="0"/>
    <property name="Path" value="C:\Program Files\Java\jdk1.8.0_111/bin;C:\ProgramData\Oracle\Java\javapath;C:\Program Files (x86)\IBM\WebSphere MQ\Java\lib;C:\windows\system32;C:\windows;C:\windows\System32\Wbem;C:\windows\System32\WindowsPowerShell\v1.0\;C:\windows\System32\WindowsPowerShell\v1.0\;C:\Program Files\Citrix\ICAService\;C:\Program Files\Citrix\System32\;C:\Program Files (x86)\Common Files\Citrix\System32;C:\Program Files\Cerner;C:\Program Files (x86)\IBM\WebSphere MQ\bin64;C:\Program Files (x86)\IBM\WebSphere MQ\bin;C:\Program Files (x86)\IBM\WebSphere MQ\tools\c\samples\bin;C:\Program Files\Java\jdk1.8.0_111\bin;C:\Program Files\apache-maven-3.2.5\bin;C:\MySql/server5620\bin;C:\Program Files\Citrix\Virtual Desktop Agent\;"/>
    <property name="BASE" value="C:\Program Files (x86)\Jenkins"/>
    <property name="java.io.tmpdir" value="C:\windows\TEMP\"/>
    <property name="APPDATA" value="C:\windows\system32\config\systemprofile\AppData\Roaming"/>
    <property name="DEFLOGDIR" value="C:\ProgramData\McAfee\DesktopProtection"/>
    <property name="user.language" value="en"/>
    <property name="Dwebdriver.chrome.driver" value="C:\chromedriver.exe"/>
    <property name="line.separator" value="&#10;"/>
    <property name="BUILD_URL" value="http://localhost:8080/job/BridgeMedical/com.BridgeMedical$BridgeMedicalFramework/52/"/>
    <property name="M2_HOME" value="C:\Program Files\apache-maven-3.2.5"/>
    <property name="WinVer" value="Win7x64"/>
    <property name="PATH+CHROMEDRIVER" value="C:\Program Files (x86)\Jenkins\tools\chromedriver"/>
    <property name="java.vm.info" value="mixed mode"/>
    <property name="sun.desktop" value="windows"/>
    <property name="java.vm.specification.name" value="Java Virtual Machine Specification"/>
    <property name="localRepository" value="C:\windows\system32\config\systemprofile\.m2\repository"/>
    <property name="BUILD_DISPLAY_NAME" value="#52"/>
    <property name="OS" value="Windows_NT"/>
    <property name="hudson.build.number" value="52"/>
    <property name="guice.disable.misplaced.annotation.check" value="true"/>
    <property name="HUDSON_SERVER_COOKIE" value="7d0e7d61c851303a"/>
    <property name="JRE_HOME" value="C:\Program Files\Java\jre1.8.0_111"/>
    <property name="MAVEN_HOME" value="C:\Program Files\apache-maven-3.2.5"/>
    <property name="PATHEXT" value=".COM;.EXE;.BAT;.CMD;.VBS;.VBE;.JS;.JSE;.WSF;.WSH;.MSC"/>
    <property name="java.awt.printerjob" value="sun.awt.windows.WPrinterJob"/>
    <property name="maven3.interceptor.common" value="C:\Program Files (x86)\Jenkins\plugins\maven-plugin\WEB-INF\lib\maven3-interceptor-commons-1.8.1.jar"/>
    <property name="CLASSPATH" value=""/>
    <property name="MQCCSID" value="819"/>
    <property name="AMQ_NO_IPV6" value="Y"/>
    <property name="os.name" value="Windows 7"/>
    <property name="java.specification.vendor" value="Oracle Corporation"/>
    <property name="FP_NO_HOST_CHECK" value="NO"/>
    <property name="webdriver.ie.driver" value="c://IEDriverServer_Win32_2.53.0/IEDriverServer.exe"/>
    <property name="java.vm.name" value="Java HotSpot(TM) 64-Bit Server VM"/>
    <property name="BUILD_NUMBER" value="52"/>
    <property name="maven3.interceptor" value="C:\Program Files (x86)\Jenkins\plugins\maven-plugin\WEB-INF\lib\maven32-interceptor-1.8.1.jar"/>
    <property name="java.library.path" value="C:\Program Files\Java\jdk1.8.0_111\bin;C:\windows\Sun\Java\bin;C:\windows\system32;C:\windows;C:\Program Files\apache-maven-3.2.5/bin;C:\Program Files\Java\jdk1.8.0_111/bin;C:\Program Files (x86)\Jenkins\tools\chromedriver;C:\Program Files\Java\jdk1.8.0_111/bin;C:\ProgramData\Oracle\Java\javapath;C:\Program Files (x86)\IBM\WebSphere MQ\Java\lib;C:\windows\system32;C:\windows;C:\windows\System32\Wbem;C:\windows\System32\WindowsPowerShell\v1.0\;C:\windows\System32\WindowsPowerShell\v1.0\;C:\Program Files\Citrix\ICAService\;C:\Program Files\Citrix\System32\;C:\Program Files (x86)\Common Files\Citrix\System32;C:\Program Files\Cerner;C:\Program Files (x86)\IBM\WebSphere MQ\bin64;C:\Program Files (x86)\IBM\WebSphere MQ\bin;C:\Program Files (x86)\IBM\WebSphere MQ\tools\c\samples\bin;C:\Program Files\Java\jdk1.8.0_111\bin;C:\Program Files\apache-maven-3.2.5\bin;C:\MySql/server5620\bin;C:\Program Files\Citrix\Virtual Desktop Agent\;;."/>
    <property name="WINSW_EXECUTABLE" value="C:\Program Files (x86)\Jenkins\jenkins.exe"/>
    <property name="basedir" value="C:\Temp\Automation\BridgeMedicalFramework"/>
    <property name="java.class.version" value="52.0"/>
    <property name="include" value="C:\Program Files (x86)\IBM\WebSphere MQ\tools\c\include;C:\Program Files (x86)\IBM\WebSphere MQ\tools\cplus\include"/>
    <property name="JOB_URL" value="http://localhost:8080/job/BridgeMedical/com.BridgeMedical$BridgeMedicalFramework/"/>
    <property name="MYSQL_HOME" value="C:\MySql/server5620"/>
    <property name="MQ_FILE_PATH" value="C:\Program Files (x86)\IBM\WebSphere MQ"/>
    <property name="RUN_DISPLAY_URL" value="http://localhost:8080/job/BridgeMedical/com.BridgeMedical$BridgeMedicalFramework/52/display/redirect"/>
    <property name="JENKINS_HOME" value="C:\Program Files (x86)\Jenkins"/>
    <property name="BUILD_ID" value="52"/>
    <property name="TEMP" value="C:\windows\TEMP"/>
    <property name="sun.boot.library.path" value="C:\Program Files\Java\jdk1.8.0_111\jre\bin"/>
    <property name="M2" value="C:\Program Files\apache-maven-3.2.5\bin"/>
    <property name="sun.management.compiler" value="HotSpot 64-Bit Tiered Compilers"/>
    <property name="java.awt.graphicsenv" value="sun.awt.Win32GraphicsEnvironment"/>
    <property name="user.variant" value=""/>
    <property name="PROCESSOR_REVISION" value="2d02"/>
    <property name="VSEDEFLOGDIR" value="C:\ProgramData\McAfee\DesktopProtection"/>
    <property name="HUDSON_HOME" value="C:\Program Files (x86)\Jenkins"/>
    <property name="ProgramFiles(x86)" value="C:\Program Files (x86)"/>
    <property name="PATH+MAVEN" value="C:\Program Files\apache-maven-3.2.5/bin"/>
    <property name="java.vm.specification.version" value="1.8"/>
    <property name="JAVA_HOME" value="C:\Program Files\Java\jdk1.8.0_111"/>
    <property name="awt.toolkit" value="sun.awt.windows.WToolkit"/>
    <property name="NODE_LABELS" value="master"/>
    <property name="sun.cpu.isalist" value="amd64"/>
    <property name="USERPROFILE" value="C:\windows\system32\config\systemprofile"/>
    <property name="JOB_DISPLAY_URL" value="http://localhost:8080/job/BridgeMedical/com.BridgeMedical$BridgeMedicalFramework/display/redirect"/>
    <property name="java.ext.dirs" value="C:\Program Files\Java\jdk1.8.0_111\jre\lib\ext;C:\windows\Sun\Java\lib\ext"/>
    <property name="os.version" value="6.1"/>
    <property name="user.home" value="C:\windows\system32\config\systemprofile"/>
    <property name="USERNAME" value="WIN7DX64-03129$"/>
    <property name="java.vm.vendor" value="Oracle Corporation"/>
    <property name="PROCESSOR_LEVEL" value="6"/>
    <property name="CommonProgramW6432" value="C:\Program Files\Common Files"/>
    <property name="user.dir" value="C:\Temp\Automation\BridgeMedicalFramework"/>
    <property name="ProgramW6432" value="C:\Program Files"/>
    <property name="TMP" value="C:\windows\TEMP"/>
    <property name="UATDATA" value="C:\windows\CCM\UATData\D9F8C395-CAB8-491d-B8AC-179A1FE1BE77"/>
    <property name="sun.cpu.endian" value="little"/>
    <property name="SystemDrive" value="C:"/>
    <property name="java.vm.version" value="25.111-b14"/>
    <property name="java.class.path" value="C:\Program Files (x86)\Jenkins\plugins\maven-plugin\WEB-INF\lib\maven32-agent-1.8.1.jar;C:\Program Files\apache-maven-3.2.5\boot\plexus-classworlds-2.5.2.jar;C:\Program Files\apache-maven-3.2.5/conf/logging"/>
    <property name="org.slf4j.simpleLogger.defaultLogLevel" value="info"/>
    <property name="os.arch" value="amd64"/>
    <property name="WORKSPACE" value="C:\Temp\Automation\BridgeMedicalFramework"/>
    <property name="ComSpec" value="C:\windows\system32\cmd.exe"/>
    <property name="sun.java.launcher" value="SUN_STANDARD"/>
    <property name="SERVICE_ID" value="Jenkins"/>
    <property name="SystemRoot" value="C:\windows"/>
    <property name="CommonProgramFiles" value="C:\Program Files (x86)\Common Files"/>
    <property name="java.vm.specification.vendor" value="Oracle Corporation"/>
    <property name="file.separator" value="\"/>
    <property name="java.runtime.version" value="1.8.0_111-b14"/>
    <property name="ProgramFiles" value="C:\Program Files (x86)"/>
    <property name="sun.boot.class.path" value="C:\Program Files\Java\jdk1.8.0_111\jre\lib\resources.jar;C:\Program Files\Java\jdk1.8.0_111\jre\lib\rt.jar;C:\Program Files\Java\jdk1.8.0_111\jre\lib\sunrsasign.jar;C:\Program Files\Java\jdk1.8.0_111\jre\lib\jsse.jar;C:\Program Files\Java\jdk1.8.0_111\jre\lib\jce.jar;C:\Program Files\Java\jdk1.8.0_111\jre\lib\charsets.jar;C:\Program Files\Java\jdk1.8.0_111\jre\lib\jfr.jar;C:\Program Files\Java\jdk1.8.0_111\jre\classes"/>
    <property name="PATH+JDK" value="C:\Program Files\Java\jdk1.8.0_111/bin"/>
    <property name="user.country" value="US"/>
    <property name="maven.home" value="C:\Program Files\apache-maven-3.2.5"/>
    <property name="JOB_BASE_NAME" value="com.BridgeMedical:BridgeMedicalFramework"/>
    <property name="java.vendor" value="Oracle Corporation"/>
    <property name="java.specification.version" value="1.8"/>
    <property name="sun.arch.data.model" value="64"/>
  </properties>
  <testcase name="patientIdentficationErrorTest" classname="Hazards.PatientIdentificationErrorTest" time="52.209"/>
  <testcase name="PatientIdentificationErrorTest" classname="Hazards.CausePatientIdentificationErrorTest" time="49.779">
    <failure message="Unable to find element with id == cmdReceiveBottles_cmdButton (WARNING: The server did not provide any stacktrace information)&#10;Command duration or timeout: 20.13 seconds&#10;For documentation on this error, please visit: http://seleniumhq.org/exceptions/no_such_element.html&#10;Build info: version: &apos;3.0.1&apos;, revision: &apos;1969d75&apos;, time: &apos;2016-10-18 09:49:13 -0700&apos;&#10;System info: host: &apos;WIN7DX64-03129&apos;, ip: &apos;10.171.196.198&apos;, os.name: &apos;Windows 7&apos;, os.arch: &apos;amd64&apos;, os.version: &apos;6.1&apos;, java.version: &apos;1.8.0_111&apos;&#10;Driver info: org.openqa.selenium.ie.InternetExplorerDriver&#10;Capabilities [{browserAttachTimeout=0, ie.enableFullPageScreenshot=true, enablePersistentHover=true, ie.forceCreateProcessApi=false, ie.forceShellWindowsApi=false, pageLoadStrategy=normal, ignoreZoomSetting=false, ie.fileUploadDialogTimeout=3000, version=11, platform=WINDOWS, proxy={proxyType=}, nativeEvents=true, ie.ensureCleanSession=false, elementScrollBehavior=0, ie.browserCommandLineSwitches=, requireWindowFocus=false, browserName=internet explorer, initialBrowserUrl=http://localhost:42189/, javascriptEnabled=true, ignoreProtectedModeSettings=false, enableElementCacheCleanup=true, unexpectedAlertBehaviour=dismiss}]&#10;Session ID: 2306ef35-2233-4d34-8a01-99d31c56c990&#10;*** Element info: {Using=id, value=cmdReceiveBottles_cmdButton}" type="org.openqa.selenium.NoSuchElementException">org.openqa.selenium.NoSuchElementException: 
Unable to find element with id == cmdReceiveBottles_cmdButton (WARNING: The server did not provide any stacktrace information)
Command duration or timeout: 20.13 seconds
For documentation on this error, please visit: http://seleniumhq.org/exceptions/no_such_element.html
Build info: version: '3.0.1', revision: '1969d75', time: '2016-10-18 09:49:13 -0700'
System info: host: 'WIN7DX64-03129', ip: '10.171.196.198', os.name: 'Windows 7', os.arch: 'amd64', os.version: '6.1', java.version: '1.8.0_111'
Driver info: org.openqa.selenium.ie.InternetExplorerDriver
Capabilities [{browserAttachTimeout=0, ie.enableFullPageScreenshot=true, enablePersistentHover=true, ie.forceCreateProcessApi=false, ie.forceShellWindowsApi=false, pageLoadStrategy=normal, ignoreZoomSetting=false, ie.fileUploadDialogTimeout=3000, version=11, platform=WINDOWS, proxy={proxyType=}, nativeEvents=true, ie.ensureCleanSession=false, elementScrollBehavior=0, ie.browserCommandLineSwitches=, requireWindowFocus=false, browserName=internet explorer, initialBrowserUrl=http://localhost:42189/, javascriptEnabled=true, ignoreProtectedModeSettings=false, enableElementCacheCleanup=true, unexpectedAlertBehaviour=dismiss}]
Session ID: 2306ef35-2233-4d34-8a01-99d31c56c990
*** Element info: {Using=id, value=cmdReceiveBottles_cmdButton}
	at Hazards.CausePatientIdentificationErrorTest.PatientIdentificationErrorTest(CausePatientIdentificationErrorTest.java:130)
</failure>
    <system-out><![CDATA[CausePatientIdentificationErrorTest - Started successfully
Patient not found.-Is displayed
Patient not found.-Is displayed
Step 3 executed Successfully
Step 4 is failed home page is not displayed
]]></system-out>
    <system-err><![CDATA[Started InternetExplorerDriver server (32-bit)
2.53.0.0
Listening on port 42189
Only local connections are allowed
]]></system-err>
  </testcase>
  <testcase name="PatientMisidentificationTest" classname="Hazards.CausePatientMisidentificationTest" time="42.977">
    <failure message="Unable to find element with id == txtExtra (WARNING: The server did not provide any stacktrace information)&#10;Command duration or timeout: 646 milliseconds&#10;For documentation on this error, please visit: http://seleniumhq.org/exceptions/no_such_element.html&#10;Build info: version: &apos;3.0.1&apos;, revision: &apos;1969d75&apos;, time: &apos;2016-10-18 09:49:13 -0700&apos;&#10;System info: host: &apos;WIN7DX64-03129&apos;, ip: &apos;10.171.196.198&apos;, os.name: &apos;Windows 7&apos;, os.arch: &apos;amd64&apos;, os.version: &apos;6.1&apos;, java.version: &apos;1.8.0_111&apos;&#10;Driver info: org.openqa.selenium.ie.InternetExplorerDriver&#10;Capabilities [{browserAttachTimeout=0, ie.enableFullPageScreenshot=true, enablePersistentHover=true, ie.forceCreateProcessApi=false, ie.forceShellWindowsApi=false, pageLoadStrategy=normal, ignoreZoomSetting=false, ie.fileUploadDialogTimeout=3000, version=11, platform=WINDOWS, proxy={proxyType=}, nativeEvents=true, ie.ensureCleanSession=false, elementScrollBehavior=0, ie.browserCommandLineSwitches=, requireWindowFocus=false, browserName=internet explorer, initialBrowserUrl=http://localhost:18091/, javascriptEnabled=true, ignoreProtectedModeSettings=false, enableElementCacheCleanup=true, unexpectedAlertBehaviour=dismiss}]&#10;Session ID: f85b555c-d798-44ae-bede-5dfe0a4aeae4&#10;*** Element info: {Using=id, value=txtExtra}" type="org.openqa.selenium.NoSuchElementException">org.openqa.selenium.NoSuchElementException: 
Unable to find element with id == txtExtra (WARNING: The server did not provide any stacktrace information)
Command duration or timeout: 646 milliseconds
For documentation on this error, please visit: http://seleniumhq.org/exceptions/no_such_element.html
Build info: version: '3.0.1', revision: '1969d75', time: '2016-10-18 09:49:13 -0700'
System info: host: 'WIN7DX64-03129', ip: '10.171.196.198', os.name: 'Windows 7', os.arch: 'amd64', os.version: '6.1', java.version: '1.8.0_111'
Driver info: org.openqa.selenium.ie.InternetExplorerDriver
Capabilities [{browserAttachTimeout=0, ie.enableFullPageScreenshot=true, enablePersistentHover=true, ie.forceCreateProcessApi=false, ie.forceShellWindowsApi=false, pageLoadStrategy=normal, ignoreZoomSetting=false, ie.fileUploadDialogTimeout=3000, version=11, platform=WINDOWS, proxy={proxyType=}, nativeEvents=true, ie.ensureCleanSession=false, elementScrollBehavior=0, ie.browserCommandLineSwitches=, requireWindowFocus=false, browserName=internet explorer, initialBrowserUrl=http://localhost:18091/, javascriptEnabled=true, ignoreProtectedModeSettings=false, enableElementCacheCleanup=true, unexpectedAlertBehaviour=dismiss}]
Session ID: f85b555c-d798-44ae-bede-5dfe0a4aeae4
*** Element info: {Using=id, value=txtExtra}
	at Hazards.CausePatientMisidentificationTest.PatientMisidentificationTest(CausePatientMisidentificationTest.java:109)
</failure>
    <system-out><![CDATA[CausePatientMisidentificationTest - Started successfully
Wait method entered
txtPatientId
Patient not found.-Is displayed
]]></system-out>
    <system-err><![CDATA[Started InternetExplorerDriver server (32-bit)
2.53.0.0
Listening on port 36349
Only local connections are allowed
Started InternetExplorerDriver server (32-bit)
2.53.0.0
Listening on port 18091
Only local connections are allowed
]]></system-err>
  </testcase>
  <testcase name="closeDriverTest" classname="Hazards.CausePatientMisidentificationTest" time="54.812">
    <failure message="Unable to find element with id == printerBarcode_cmdButton (WARNING: The server did not provide any stacktrace information)&#10;Command duration or timeout: 322 milliseconds&#10;For documentation on this error, please visit: http://seleniumhq.org/exceptions/no_such_element.html&#10;Build info: version: &apos;3.0.1&apos;, revision: &apos;1969d75&apos;, time: &apos;2016-10-18 09:49:13 -0700&apos;&#10;System info: host: &apos;WIN7DX64-03129&apos;, ip: &apos;10.171.196.198&apos;, os.name: &apos;Windows 7&apos;, os.arch: &apos;amd64&apos;, os.version: &apos;6.1&apos;, java.version: &apos;1.8.0_111&apos;&#10;Driver info: org.openqa.selenium.ie.InternetExplorerDriver&#10;Capabilities [{browserAttachTimeout=0, ie.enableFullPageScreenshot=true, enablePersistentHover=true, ie.forceCreateProcessApi=false, ie.forceShellWindowsApi=false, pageLoadStrategy=normal, ignoreZoomSetting=false, ie.fileUploadDialogTimeout=3000, version=11, platform=WINDOWS, proxy={proxyType=}, nativeEvents=true, ie.ensureCleanSession=false, elementScrollBehavior=0, ie.browserCommandLineSwitches=, requireWindowFocus=false, browserName=internet explorer, initialBrowserUrl=http://localhost:24260/, javascriptEnabled=true, ignoreProtectedModeSettings=false, enableElementCacheCleanup=true, unexpectedAlertBehaviour=dismiss}]&#10;Session ID: e864e4b9-22ad-40d6-b2e4-e1d96fd349b7&#10;*** Element info: {Using=id, value=printerBarcode_cmdButton}" type="org.openqa.selenium.NoSuchElementException">org.openqa.selenium.NoSuchElementException: 
Unable to find element with id == printerBarcode_cmdButton (WARNING: The server did not provide any stacktrace information)
Command duration or timeout: 322 milliseconds
For documentation on this error, please visit: http://seleniumhq.org/exceptions/no_such_element.html
Build info: version: '3.0.1', revision: '1969d75', time: '2016-10-18 09:49:13 -0700'
System info: host: 'WIN7DX64-03129', ip: '10.171.196.198', os.name: 'Windows 7', os.arch: 'amd64', os.version: '6.1', java.version: '1.8.0_111'
Driver info: org.openqa.selenium.ie.InternetExplorerDriver
Capabilities [{browserAttachTimeout=0, ie.enableFullPageScreenshot=true, enablePersistentHover=true, ie.forceCreateProcessApi=false, ie.forceShellWindowsApi=false, pageLoadStrategy=normal, ignoreZoomSetting=false, ie.fileUploadDialogTimeout=3000, version=11, platform=WINDOWS, proxy={proxyType=}, nativeEvents=true, ie.ensureCleanSession=false, elementScrollBehavior=0, ie.browserCommandLineSwitches=, requireWindowFocus=false, browserName=internet explorer, initialBrowserUrl=http://localhost:24260/, javascriptEnabled=true, ignoreProtectedModeSettings=false, enableElementCacheCleanup=true, unexpectedAlertBehaviour=dismiss}]
Session ID: e864e4b9-22ad-40d6-b2e4-e1d96fd349b7
*** Element info: {Using=id, value=printerBarcode_cmdButton}
	at Hazards.CausePatientMisidentificationTest.closeDriverTest(CausePatientMisidentificationTest.java:154)
</failure>
    <system-err><![CDATA[Started InternetExplorerDriver server (32-bit)
2.53.0.0
Listening on port 24260
Only local connections are allowed
]]></system-err>
  </testcase>
</testsuite>