<?xml version="1.0" encoding="UTF-8"?>
<!-- Generated by org.testng.reporters.JUnitReportReporter -->
<testsuite hostname="WIN7DX64-03129" name="Hazards.PatientIdentificationErrorTest" tests="1" failures="0" timestamp="9 Mar 2017 10:18:14 GMT" time="52.210" errors="0">
  <testcase name="patientIdentficationErrorTest" time="52.210" classname="Hazards.PatientIdentificationErrorTest"/>
</testsuite> <!-- Hazards.PatientIdentificationErrorTest -->
